Stopping gradle daemon...
Stopping Daemon(s)
1 Daemon stopped
Running assembleRelease...
Initialized native services in: /mnt/storage/gradle-cache/native
Initialized jansi services in: /mnt/storage/gradle-cache/native
Removing 0 daemon stop events from registry
Previous Daemon (80502) stopped at Tue Mar 17 00:44:12 IST 2026 stop command received
Previous Daemon (94102) stopped at Tue Mar 17 00:54:17 IST 2026 stop command received
Previous Daemon (85469) stopped at Tue Mar 17 00:52:51 IST 2026 after running out of JVM Metaspace
Starting a Gradle Daemon, 3 stopped Daemons could not be reused, use --status for details
Starting process 'Gradle build daemon'. Working directory: /mnt/storage/gradle-cache/daemon/9.0.0 Command: /usr/lib/jvm/java-17-openjdk-amd64/bin/java --add-opens=java.base/java.lang=ALL-UNNAMED --add-opens=java.base/java.lang.invoke=ALL-UNNAMED --add-opens=java.base/java.util=ALL-UNNAMED --add-opens=java.prefs/java.util.prefs=ALL-UNNAMED --add-exports=jdk.compiler/com.sun.tools.javac.api=ALL-UNNAMED --add-exports=jdk.compiler/com.sun.tools.javac.util=ALL-UNNAMED --add-opens=java.base/java.util=ALL-UNNAMED --add-opens=java.prefs/java.util.prefs=ALL-UNNAMED --add-opens=java.base/java.nio.charset=ALL-UNNAMED --add-opens=java.base/java.net=ALL-UNNAMED --add-opens=java.base/java.util.concurrent=ALL-UNNAMED --add-opens=java.base/java.util.concurrent.atomic=ALL-UNNAMED --add-opens=java.xml/javax.xml.namespace=ALL-UNNAMED -XX:MaxMetaspaceSize=512m -Xmx2048m -Dfile.encoding=UTF-8 -Duser.country=US -Duser.language=en -Duser.variant -cp /mnt/storage/gradle-cache/wrapper/dists/gradle-9.0.0-bin/d6wjpkvcgsg3oed0qlfss3wgl/gradle-9.0.0/lib/gradle-daemon-main-9.0.0.jar -javaagent:/mnt/storage/gradle-cache/wrapper/dists/gradle-9.0.0-bin/d6wjpkvcgsg3oed0qlfss3wgl/gradle-9.0.0/lib/agents/gradle-instrumentation-agent-9.0.0.jar org.gradle.launcher.daemon.bootstrap.GradleDaemon 9.0.0
Successfully started process 'Gradle build daemon'
An attempt to start the daemon took 0.926 secs.
The client will now receive all logging from the daemon (pid: 95010). The daemon log file: /mnt/storage/gradle-cache/daemon/9.0.0/daemon-95010.out.log
Starting build in new daemon [memory: 2 GiB]
Using 12 worker leases.
Received JVM installation metadata from '/usr/lib/jvm/java-17-openjdk-amd64': {JAVA_HOME=/usr/lib/jvm/java-17-openjdk-amd64, JAVA_VERSION=17.0.18, JAVA_VENDOR=Ubuntu, RUNTIME_NAME=OpenJDK Runtime Environment, RUNTIME_VERSION=17.0.18+8-Ubuntu-124.04.1, VM_NAME=OpenJDK 64-Bit Server VM, VM_VERSION=17.0.18+8-Ubuntu-124.04.1, VM_VENDOR=Ubuntu, OS_ARCH=amd64}
Watching the file system is configured to be enabled if available
Now considering [/mnt/storage/dev/hydration-companion/android] as hierarchies to watch
File system watching is active
Starting Build
Starting process 'command 'node''. Working directory: /mnt/storage/dev/hydration-companion/android Command: node --print require.resolve('@react-native/gradle-plugin/package.json', { paths: [require.resolve('react-native/package.json')] })
Successfully started process 'command 'node''
Starting process 'command 'node''. Working directory: /mnt/storage/dev/hydration-companion/android Command: node --print require.resolve('expo-modules-autolinking/package.json', { paths: [require.resolve('expo/package.json')] })
Successfully started process 'command 'node''
Now considering [/mnt/storage/dev/hydration-companion/node_modules/@react-native/gradle-plugin, /mnt/storage/dev/hydration-companion/android] as hierarchies to watch
Resolved plugin [id: 'org.gradle.toolchains.foojay-resolver-convention', version: '0.5.0']
Now considering [/mnt/storage/dev/hydration-companion/node_modules/expo-modules-autolinking/android/expo-gradle-plugin, /mnt/storage/dev/hydration-companion/node_modules/@react-native/gradle-plugin, /mnt/storage/dev/hydration-companion/android] as hierarchies to watch

> Configure project :gradle-plugin
Evaluating project ':gradle-plugin' using build file '/mnt/storage/dev/hydration-companion/node_modules/@react-native/gradle-plugin/build.gradle.kts'.
Resolved plugin [id: 'org.jetbrains.kotlin.jvm', version: '2.1.20', apply: false]
Resolved plugin [id: 'com.ncorti.ktfmt.gradle', version: '0.22.0']

> Configure project :gradle-plugin:react-native-gradle-plugin
Evaluating project ':gradle-plugin:react-native-gradle-plugin' using build file '/mnt/storage/dev/hydration-companion/node_modules/@react-native/gradle-plugin/react-native-gradle-plugin/build.gradle.kts'.
Resolved plugin [id: 'org.jetbrains.kotlin.jvm', version: '2.1.20']
Resolved plugin [id: 'com.ncorti.ktfmt.gradle', version: '0.22.0']
Resolved plugin [id: 'java-gradle-plugin']
Build 8416deb9-0ae2-49ff-8ae9-7f9b8bbc4895 is started
Using Kotlin Gradle Plugin gradle85 variant
kotlin scripting plugin: created the scripting discovery configuration: kotlinScriptDef
kotlin scripting plugin: created the scripting discovery configuration: testKotlinScriptDef

> Configure project :gradle-plugin:settings-plugin
Evaluating project ':gradle-plugin:settings-plugin' using build file '/mnt/storage/dev/hydration-companion/node_modules/@react-native/gradle-plugin/settings-plugin/build.gradle.kts'.
Resolved plugin [id: 'org.jetbrains.kotlin.jvm', version: '2.1.20']
Resolved plugin [id: 'com.ncorti.ktfmt.gradle', version: '0.22.0']
Resolved plugin [id: 'java-gradle-plugin']
Using Kotlin Gradle Plugin gradle85 variant
kotlin scripting plugin: created the scripting discovery configuration: kotlinScriptDef
kotlin scripting plugin: created the scripting discovery configuration: testKotlinScriptDef

> Configure project :gradle-plugin:shared
Evaluating project ':gradle-plugin:shared' using build file '/mnt/storage/dev/hydration-companion/node_modules/@react-native/gradle-plugin/shared/build.gradle.kts'.
Resolved plugin [id: 'org.jetbrains.kotlin.jvm', version: '2.1.20']
Resolved plugin [id: 'com.ncorti.ktfmt.gradle', version: '0.22.0']
Using Kotlin Gradle Plugin gradle85 variant
kotlin scripting plugin: created the scripting discovery configuration: kotlinScriptDef
kotlin scripting plugin: created the scripting discovery configuration: testKotlinScriptDef

> Configure project :gradle-plugin:shared-testutil
Evaluating project ':gradle-plugin:shared-testutil' using build file '/mnt/storage/dev/hydration-companion/node_modules/@react-native/gradle-plugin/shared-testutil/build.gradle.kts'.
Resolved plugin [id: 'org.jetbrains.kotlin.jvm', version: '2.1.20']
Resolved plugin [id: 'com.ncorti.ktfmt.gradle', version: '0.22.0']
Using Kotlin Gradle Plugin gradle85 variant
kotlin scripting plugin: created the scripting discovery configuration: kotlinScriptDef
kotlin scripting plugin: created the scripting discovery configuration: testKotlinScriptDef
Resolved plugin [id: 'com.facebook.react.settings']

> Configure project :expo-gradle-plugin
Evaluating project ':expo-gradle-plugin' using build file '/mnt/storage/dev/hydration-companion/node_modules/expo-modules-autolinking/android/expo-gradle-plugin/build.gradle.kts'.
Resolved plugin [id: 'org.jetbrains.kotlin.jvm', version: '2.1.20', apply: false]
Resolved plugin [id: 'java-gradle-plugin']

> Configure project :expo-gradle-plugin:expo-autolinking-plugin
Evaluating project ':expo-gradle-plugin:expo-autolinking-plugin' using build file '/mnt/storage/dev/hydration-companion/node_modules/expo-modules-autolinking/android/expo-gradle-plugin/expo-autolinking-plugin/build.gradle.kts'.
Resolved plugin [id: 'org.jetbrains.kotlin.jvm']
Resolved plugin [id: 'java-gradle-plugin']
Build 022eb6ee-6693-435d-a510-e7e9c992db03 is started
Using Kotlin Gradle Plugin gradle85 variant
kotlin scripting plugin: created the scripting discovery configuration: kotlinScriptDef
kotlin scripting plugin: created the scripting discovery configuration: testKotlinScriptDef

> Configure project :expo-gradle-plugin:expo-autolinking-plugin-shared
Evaluating project ':expo-gradle-plugin:expo-autolinking-plugin-shared' using build file '/mnt/storage/dev/hydration-companion/node_modules/expo-modules-autolinking/android/expo-gradle-plugin/expo-autolinking-plugin-shared/build.gradle.kts'.
Resolved plugin [id: 'org.jetbrains.kotlin.jvm']
Resolved plugin [id: 'org.jetbrains.kotlin.plugin.serialization', version: '1.9.24']
Using Kotlin Gradle Plugin gradle85 variant
kotlin scripting plugin: created the scripting discovery configuration: kotlinScriptDef
kotlin scripting plugin: created the scripting discovery configuration: testKotlinScriptDef

> Configure project :expo-gradle-plugin:expo-autolinking-settings-plugin
Evaluating project ':expo-gradle-plugin:expo-autolinking-settings-plugin' using build file '/mnt/storage/dev/hydration-companion/node_modules/expo-modules-autolinking/android/expo-gradle-plugin/expo-autolinking-settings-plugin/build.gradle.kts'.
Resolved plugin [id: 'org.jetbrains.kotlin.jvm']
Resolved plugin [id: 'java-gradle-plugin']
Using Kotlin Gradle Plugin gradle85 variant
kotlin scripting plugin: created the scripting discovery configuration: kotlinScriptDef
kotlin scripting plugin: created the scripting discovery configuration: testKotlinScriptDef

> Configure project :expo-gradle-plugin:expo-max-sdk-override-plugin
Evaluating project ':expo-gradle-plugin:expo-max-sdk-override-plugin' using build file '/mnt/storage/dev/hydration-companion/node_modules/expo-modules-autolinking/android/expo-gradle-plugin/expo-max-sdk-override-plugin/build.gradle.kts'.
Resolved plugin [id: 'org.jetbrains.kotlin.jvm']
Resolved plugin [id: 'java-gradle-plugin']
Using Kotlin Gradle Plugin gradle85 variant
kotlin scripting plugin: created the scripting discovery configuration: kotlinScriptDef
kotlin scripting plugin: created the scripting discovery configuration: testKotlinScriptDef
Resolved plugin [id: 'expo-autolinking-settings']
Path for java installation '/usr/lib/jvm/openjdk-17' (Common Linux Locations) auto-detected does not contain a java executable
Starting process 'command '/home/anubhav/.jdks/openjdk-24.0.2+12-54/bin/java''. Working directory: /mnt/storage/gradle-cache/.tmp/tmp-jvm10587176247366671605probe Command: /home/anubhav/.jdks/openjdk-24.0.2+12-54/bin/java -Xmx32m -Xms32m -cp . JavaProbe
Successfully started process 'command '/home/anubhav/.jdks/openjdk-24.0.2+12-54/bin/java''
Received JVM installation metadata from '/home/anubhav/.jdks/openjdk-24.0.2+12-54': {JAVA_HOME=/home/anubhav/.jdks/openjdk-24.0.2+12-54, JAVA_VERSION=24.0.2, JAVA_VENDOR=Oracle Corporation, RUNTIME_NAME=OpenJDK Runtime Environment, RUNTIME_VERSION=24.0.2+12-54, VM_NAME=OpenJDK 64-Bit Server VM, VM_VERSION=24.0.2+12-54, VM_VENDOR=Oracle Corporation, OS_ARCH=amd64}
Resolve mutations for :gradle-plugin:settings-plugin:checkKotlinGradlePluginConfigurationErrors (Thread[Execution worker Thread 2,5,main]) started.
Resolve mutations for :gradle-plugin:shared:checkKotlinGradlePluginConfigurationErrors (Thread[Execution worker Thread 11,5,main]) started.
Resolve mutations for :expo-gradle-plugin:expo-autolinking-plugin-shared:checkKotlinGradlePluginConfigurationErrors (Thread[Execution worker Thread 10,5,main]) started.
Resolve mutations for :expo-gradle-plugin:expo-autolinking-settings-plugin:checkKotlinGradlePluginConfigurationErrors (Thread[Execution worker Thread 9,5,main]) started.
:expo-gradle-plugin:expo-autolinking-plugin-shared:checkKotlinGradlePluginConfigurationErrors (Thread[Execution worker Thread 10,5,main]) started.
:expo-gradle-plugin:expo-autolinking-settings-plugin:checkKotlinGradlePluginConfigurationErrors (Thread[Execution worker Thread 9,5,main]) started.
:gradle-plugin:shared:checkKotlinGradlePluginConfigurationErrors (Thread[Execution worker Thread 11,5,main]) started.
:gradle-plugin:settings-plugin:checkKotlinGradlePluginConfigurationErrors (Thread[Execution worker Thread 2,5,main]) started.

> Task :gradle-plugin:shared:checkKotlinGradlePluginConfigurationErrors SKIPPED
Skipping task ':gradle-plugin:shared:checkKotlinGradlePluginConfigurationErrors' as task onlyIf 'errorDiagnostics are present' is false.

> Task :expo-gradle-plugin:expo-autolinking-settings-plugin:checkKotlinGradlePluginConfigurationErrors SKIPPED
Skipping task ':expo-gradle-plugin:expo-autolinking-settings-plugin:checkKotlinGradlePluginConfigurationErrors' as task onlyIf 'errorDiagnostics are present' is false.

> Task :expo-gradle-plugin:expo-autolinking-plugin-shared:checkKotlinGradlePluginConfigurationErrors SKIPPED
Skipping task ':expo-gradle-plugin:expo-autolinking-plugin-shared:checkKotlinGradlePluginConfigurationErrors' as task onlyIf 'errorDiagnostics are present' is false.

> Task :gradle-plugin:settings-plugin:checkKotlinGradlePluginConfigurationErrors SKIPPED
Skipping task ':gradle-plugin:settings-plugin:checkKotlinGradlePluginConfigurationErrors' as task onlyIf 'errorDiagnostics are present' is false.
Resolve mutations for :expo-gradle-plugin:expo-autolinking-plugin-shared:compileKotlin (Thread[Execution worker Thread 10,5,main]) started.
Resolve mutations for :expo-gradle-plugin:expo-autolinking-settings-plugin:pluginDescriptors (Thread[Execution worker Thread 9,5,main]) started.
Resolve mutations for :gradle-plugin:shared:compileKotlin (Thread[Execution worker Thread 11,5,main]) started.
Resolve mutations for :gradle-plugin:settings-plugin:pluginDescriptors (Thread[Execution worker Thread 2,5,main]) started.
:gradle-plugin:shared:compileKotlin (Thread[Execution worker Thread 7,5,main]) started.
:gradle-plugin:settings-plugin:pluginDescriptors (Thread[Execution worker Thread 11,5,main]) started.
:expo-gradle-plugin:expo-autolinking-plugin-shared:compileKotlin (Thread[Execution worker Thread 10,5,main]) started.
:expo-gradle-plugin:expo-autolinking-settings-plugin:pluginDescriptors (Thread[Execution worker Thread 9,5,main]) started.

> Task :gradle-plugin:settings-plugin:pluginDescriptors UP-TO-DATE
Caching disabled for task ':gradle-plugin:settings-plugin:pluginDescriptors' because:
  Build cache is disabled
  Not worth caching
Skipping task ':gradle-plugin:settings-plugin:pluginDescriptors' as it is up-to-date.

> Task :expo-gradle-plugin:expo-autolinking-settings-plugin:pluginDescriptors UP-TO-DATE
Caching disabled for task ':expo-gradle-plugin:expo-autolinking-settings-plugin:pluginDescriptors' because:
  Build cache is disabled
  Not worth caching
Skipping task ':expo-gradle-plugin:expo-autolinking-settings-plugin:pluginDescriptors' as it is up-to-date.
Resolve mutations for :gradle-plugin:settings-plugin:processResources (Thread[Execution worker Thread 11,5,main]) started.
:gradle-plugin:settings-plugin:processResources (Thread[Execution worker Thread 11,5,main]) started.
Resolve mutations for :expo-gradle-plugin:expo-autolinking-settings-plugin:processResources (Thread[Execution worker Thread 9,5,main]) started.
:expo-gradle-plugin:expo-autolinking-settings-plugin:processResources (Thread[Execution worker Thread 9,5,main]) started.

> Task :expo-gradle-plugin:expo-autolinking-settings-plugin:processResources UP-TO-DATE
Caching disabled for task ':expo-gradle-plugin:expo-autolinking-settings-plugin:processResources' because:
  Build cache is disabled
  Not worth caching
Skipping task ':expo-gradle-plugin:expo-autolinking-settings-plugin:processResources' as it is up-to-date.

> Task :gradle-plugin:settings-plugin:processResources UP-TO-DATE
Caching disabled for task ':gradle-plugin:settings-plugin:processResources' because:
  Build cache is disabled
  Not worth caching
Skipping task ':gradle-plugin:settings-plugin:processResources' as it is up-to-date.

> Task :expo-gradle-plugin:expo-autolinking-plugin-shared:compileKotlin UP-TO-DATE
Caching disabled for task ':expo-gradle-plugin:expo-autolinking-plugin-shared:compileKotlin' because:
  Build cache is disabled
Skipping task ':expo-gradle-plugin:expo-autolinking-plugin-shared:compileKotlin' as it is up-to-date.
Resolve mutations for :expo-gradle-plugin:expo-autolinking-plugin-shared:compileJava (Thread[Execution worker Thread 10,5,main]) started.

> Task :gradle-plugin:shared:compileKotlin UP-TO-DATE
Caching disabled for task ':gradle-plugin:shared:compileKotlin' because:
  Build cache is disabled
Skipping task ':gradle-plugin:shared:compileKotlin' as it is up-to-date.
Resolve mutations for :gradle-plugin:shared:compileJava (Thread[Execution worker Thread 7,5,main]) started.
:expo-gradle-plugin:expo-autolinking-plugin-shared:compileJava (Thread[Execution worker Thread 10,5,main]) started.
:gradle-plugin:shared:compileJava (Thread[Execution worker Thread 7,5,main]) started.

> Task :gradle-plugin:shared:compileJava NO-SOURCE
Skipping task ':gradle-plugin:shared:compileJava' as it has no source files and no previous output files.
Resolve mutations for :gradle-plugin:shared:processResources (Thread[Execution worker Thread 7,5,main]) started.

> Task :expo-gradle-plugin:expo-autolinking-plugin-shared:compileJava NO-SOURCE
Skipping task ':expo-gradle-plugin:expo-autolinking-plugin-shared:compileJava' as it has no source files and no previous output files.
:gradle-plugin:shared:processResources (Thread[Execution worker Thread 7,5,main]) started.
Resolve mutations for :expo-gradle-plugin:expo-autolinking-plugin-shared:processResources (Thread[Execution worker Thread 8,5,main]) started.
:expo-gradle-plugin:expo-autolinking-plugin-shared:processResources (Thread[Execution worker Thread 8,5,main]) started.

> Task :gradle-plugin:shared:processResources NO-SOURCE
Skipping task ':gradle-plugin:shared:processResources' as it has no source files and no previous output files.
Resolve mutations for :gradle-plugin:shared:classes (Thread[Execution worker Thread 7,5,main]) started.
:gradle-plugin:shared:classes (Thread[Execution worker Thread 7,5,main]) started.

> Task :gradle-plugin:shared:classes UP-TO-DATE
Skipping task ':gradle-plugin:shared:classes' as it has no actions.
Resolve mutations for :gradle-plugin:shared:jar (Thread[Execution worker Thread 7,5,main]) started.

> Task :expo-gradle-plugin:expo-autolinking-plugin-shared:processResources NO-SOURCE
Skipping task ':expo-gradle-plugin:expo-autolinking-plugin-shared:processResources' as it has no source files and no previous output files.
Resolve mutations for :expo-gradle-plugin:expo-autolinking-plugin-shared:classes (Thread[Execution worker Thread 10,5,main]) started.
:expo-gradle-plugin:expo-autolinking-plugin-shared:classes (Thread[Execution worker Thread 10,5,main]) started.
:gradle-plugin:shared:jar (Thread[Execution worker Thread 5,5,main]) started.

> Task :expo-gradle-plugin:expo-autolinking-plugin-shared:classes UP-TO-DATE
Skipping task ':expo-gradle-plugin:expo-autolinking-plugin-shared:classes' as it has no actions.
Resolve mutations for :expo-gradle-plugin:expo-autolinking-plugin-shared:jar (Thread[Execution worker Thread 10,5,main]) started.
:expo-gradle-plugin:expo-autolinking-plugin-shared:jar (Thread[Execution worker Thread 10,5,main]) started.

> Task :gradle-plugin:shared:jar UP-TO-DATE
Caching disabled for task ':gradle-plugin:shared:jar' because:
  Build cache is disabled
  Not worth caching
Skipping task ':gradle-plugin:shared:jar' as it is up-to-date.
work action resolve shared.jar (project :gradle-plugin:shared) (Thread[Execution worker Thread 5,5,main]) started.
Resolve mutations for :gradle-plugin:settings-plugin:compileKotlin (Thread[Execution worker Thread 5,5,main]) started.

> Task :expo-gradle-plugin:expo-autolinking-plugin-shared:jar UP-TO-DATE
Caching disabled for task ':expo-gradle-plugin:expo-autolinking-plugin-shared:jar' because:
  Build cache is disabled
  Not worth caching
Skipping task ':expo-gradle-plugin:expo-autolinking-plugin-shared:jar' as it is up-to-date.
work action resolve expo-autolinking-plugin-shared-1.0.jar (project :expo-gradle-plugin:expo-autolinking-plugin-shared) (Thread[Execution worker Thread 10,5,main]) started.
Resolve mutations for :expo-gradle-plugin:expo-autolinking-settings-plugin:compileKotlin (Thread[Execution worker Thread 10,5,main]) started.
:gradle-plugin:settings-plugin:compileKotlin (Thread[Execution worker Thread 5,5,main]) started.
:expo-gradle-plugin:expo-autolinking-settings-plugin:compileKotlin (Thread[Execution worker Thread 10,5,main]) started.

> Task :gradle-plugin:settings-plugin:compileKotlin UP-TO-DATE
Caching disabled for task ':gradle-plugin:settings-plugin:compileKotlin' because:
  Build cache is disabled
Skipping task ':gradle-plugin:settings-plugin:compileKotlin' as it is up-to-date.
Resolve mutations for :gradle-plugin:settings-plugin:compileJava (Thread[Execution worker Thread 7,5,main]) started.
:gradle-plugin:settings-plugin:compileJava (Thread[Execution worker Thread 7,5,main]) started.

> Task :gradle-plugin:settings-plugin:compileJava NO-SOURCE
Skipping task ':gradle-plugin:settings-plugin:compileJava' as it has no source files and no previous output files.
Resolve mutations for :gradle-plugin:settings-plugin:classes (Thread[Execution worker Thread 8,5,main]) started.
:gradle-plugin:settings-plugin:classes (Thread[Execution worker Thread 8,5,main]) started.

> Task :gradle-plugin:settings-plugin:classes UP-TO-DATE
Skipping task ':gradle-plugin:settings-plugin:classes' as it has no actions.
Resolve mutations for :gradle-plugin:settings-plugin:jar (Thread[Execution worker Thread 8,5,main]) started.
:gradle-plugin:settings-plugin:jar (Thread[Execution worker Thread 8,5,main]) started.

> Task :gradle-plugin:settings-plugin:jar UP-TO-DATE
Caching disabled for task ':gradle-plugin:settings-plugin:jar' because:
  Build cache is disabled
  Not worth caching
Skipping task ':gradle-plugin:settings-plugin:jar' as it is up-to-date.

> Task :expo-gradle-plugin:expo-autolinking-settings-plugin:compileKotlin UP-TO-DATE
Caching disabled for task ':expo-gradle-plugin:expo-autolinking-settings-plugin:compileKotlin' because:
  Build cache is disabled
Skipping task ':expo-gradle-plugin:expo-autolinking-settings-plugin:compileKotlin' as it is up-to-date.
Resolve mutations for :expo-gradle-plugin:expo-autolinking-settings-plugin:compileJava (Thread[Execution worker Thread 10,5,main]) started.
:expo-gradle-plugin:expo-autolinking-settings-plugin:compileJava (Thread[Execution worker Thread 10,5,main]) started.

> Task :expo-gradle-plugin:expo-autolinking-settings-plugin:compileJava NO-SOURCE
Skipping task ':expo-gradle-plugin:expo-autolinking-settings-plugin:compileJava' as it has no source files and no previous output files.
Resolve mutations for :expo-gradle-plugin:expo-autolinking-settings-plugin:classes (Thread[Execution worker Thread 10,5,main]) started.
:expo-gradle-plugin:expo-autolinking-settings-plugin:classes (Thread[Execution worker Thread 10,5,main]) started.

> Task :expo-gradle-plugin:expo-autolinking-settings-plugin:classes UP-TO-DATE
Skipping task ':expo-gradle-plugin:expo-autolinking-settings-plugin:classes' as it has no actions.
Resolve mutations for :expo-gradle-plugin:expo-autolinking-settings-plugin:jar (Thread[Execution worker Thread 10,5,main]) started.
:expo-gradle-plugin:expo-autolinking-settings-plugin:jar (Thread[Execution worker Thread 10,5,main]) started.

> Task :expo-gradle-plugin:expo-autolinking-settings-plugin:jar UP-TO-DATE
Caching disabled for task ':expo-gradle-plugin:expo-autolinking-settings-plugin:jar' because:
  Build cache is disabled
  Not worth caching
Skipping task ':expo-gradle-plugin:expo-autolinking-settings-plugin:jar' as it is up-to-date.
Starting process 'command 'node''. Working directory: /mnt/storage/dev/hydration-companion/android Command: node --print require.resolve('expo-modules-autolinking/package.json', { paths: [require.resolve('expo/package.json')] })
Successfully started process 'command 'node''
Starting process 'command 'node''. Working directory: /mnt/storage/dev/hydration-companion/android Command: node --no-warnings --eval require('expo/bin/autolinking') expo-modules-autolinking resolve --platform android --json
Successfully started process 'command 'node''
Starting process 'command 'node''. Working directory: /mnt/storage/dev/hydration-companion/android Command: node --print require.resolve('react-native/package.json')
Successfully started process 'command 'node''
Starting process 'command 'node''. Working directory: /mnt/storage/dev/hydration-companion/android Command: node --print require.resolve('@react-native/gradle-plugin/package.json', { paths: [require.resolve('react-native/package.json')] })
Successfully started process 'command 'node''
Settings evaluated using settings file '/mnt/storage/dev/hydration-companion/android/settings.gradle'.
Now considering [/mnt/storage/dev/hydration-companion/node_modules/expo-dev-launcher/expo-dev-launcher-gradle-plugin, /mnt/storage/dev/hydration-companion/node_modules/expo-modules-autolinking/android/expo-gradle-plugin, /mnt/storage/dev/hydration-companion/node_modules/@react-native/gradle-plugin, /mnt/storage/dev/hydration-companion/android] as hierarchies to watch
Now considering [/mnt/storage/dev/hydration-companion/node_modules/expo-modules-core/expo-module-gradle-plugin, /mnt/storage/dev/hydration-companion/node_modules/expo-dev-launcher/expo-dev-launcher-gradle-plugin, /mnt/storage/dev/hydration-companion/node_modules/expo-modules-autolinking/android/expo-gradle-plugin, /mnt/storage/dev/hydration-companion/node_modules/@react-native/gradle-plugin, /mnt/storage/dev/hydration-companion/android] as hierarchies to watch
Projects loaded. Root project using build file '/mnt/storage/dev/hydration-companion/android/build.gradle'.
Included projects: [root project 'Hydra', project ':app', project ':expo', project ':expo-constants', project ':expo-dev-client', project ':expo-dev-launcher', project ':expo-dev-menu', project ':expo-dev-menu-interface', project ':expo-json-utils', project ':expo-log-box', project ':expo-manifests', project ':expo-modules-core', project ':expo-updates-interface', project ':react-native-async-storage_async-storage', project ':react-native-community_datetimepicker', project ':react-native-community_slider', project ':react-native-gesture-handler', project ':react-native-reanimated', project ':react-native-safe-area-context', project ':react-native-screens', project ':react-native-svg', project ':react-native-worklets']
Registering project ':expo-gradle-plugin' in composite build. Will substitute for module ':expo-gradle-plugin'.
Registering project ':expo-gradle-plugin:expo-autolinking-plugin' in composite build. Will substitute for module 'expo.modules:expo-autolinking-plugin'.
Registering project ':expo-gradle-plugin:expo-autolinking-plugin-shared' in composite build. Will substitute for module 'expo.modules:expo-autolinking-plugin-shared'.
Registering project ':expo-gradle-plugin:expo-autolinking-settings-plugin' in composite build. Will substitute for module 'expo.modules:expo-autolinking-settings-plugin'.
Registering project ':expo-gradle-plugin:expo-max-sdk-override-plugin' in composite build. Will substitute for module 'expo.modules:expo-max-sdk-override-plugin'.

> Configure project :expo-dev-launcher-gradle-plugin
Evaluating project ':expo-dev-launcher-gradle-plugin' using build file '/mnt/storage/dev/hydration-companion/node_modules/expo-dev-launcher/expo-dev-launcher-gradle-plugin/build.gradle.kts'.
Resolved plugin [id: 'org.jetbrains.kotlin.jvm', version: '2.1.20']
Resolved plugin [id: 'java-gradle-plugin']
Build 6deac2b8-f7f6-448b-912a-938b28c28139 is started
Using Kotlin Gradle Plugin gradle85 variant
kotlin scripting plugin: created the scripting discovery configuration: kotlinScriptDef
kotlin scripting plugin: created the scripting discovery configuration: testKotlinScriptDef
Registering project ':expo-dev-launcher-gradle-plugin' in composite build. Will substitute for module 'expo.modules:expo-dev-launcher-gradle-plugin'.

> Configure project :expo-module-gradle-plugin
Evaluating project ':expo-module-gradle-plugin' using build file '/mnt/storage/dev/hydration-companion/node_modules/expo-modules-core/expo-module-gradle-plugin/build.gradle.kts'.
Resolved plugin [id: 'org.jetbrains.kotlin.jvm', version: '2.1.20']
Resolved plugin [id: 'java-gradle-plugin']
Build e3ca95f9-6c14-422e-b1a7-48a2c3724da7 is started
Using Kotlin Gradle Plugin gradle85 variant
kotlin scripting plugin: created the scripting discovery configuration: kotlinScriptDef
kotlin scripting plugin: created the scripting discovery configuration: testKotlinScriptDef
Registering project ':expo-module-gradle-plugin' in composite build. Will substitute for module 'expo.modules:expo-module-gradle-plugin'.
Registering project ':gradle-plugin' in composite build. Will substitute for module ':gradle-plugin-root'.
Registering project ':gradle-plugin:react-native-gradle-plugin' in composite build. Will substitute for module 'com.facebook.react:react-native-gradle-plugin'.
Registering project ':gradle-plugin:settings-plugin' in composite build. Will substitute for module 'com.facebook.react:settings-plugin'.
Registering project ':gradle-plugin:shared' in composite build. Will substitute for module 'com.facebook.react:shared'.
Registering project ':gradle-plugin:shared-testutil' in composite build. Will substitute for module 'com.facebook.react:shared-testutil'.
Resolve mutations for :expo-dev-launcher-gradle-plugin:checkKotlinGradlePluginConfigurationErrors (Thread[Execution worker Thread 11,5,main]) started.
work action resolve expo-autolinking-plugin-shared-1.0.jar (project :expo-gradle-plugin:expo-autolinking-plugin-shared) (Thread[Execution worker Thread 11,5,main]) started.
destroyer locations for task group 0 (Thread[Execution worker Thread 4,5,main]) started.

> Task :expo-module-gradle-plugin:checkKotlinGradlePluginConfigurationErrors SKIPPED
Skipping task ':expo-module-gradle-plugin:checkKotlinGradlePluginConfigurationErrors' as task onlyIf 'errorDiagnostics are present' is false.
:expo-dev-launcher-gradle-plugin:checkKotlinGradlePluginConfigurationErrors (Thread[Execution worker Thread 4,5,main]) started.
Resolve mutations for :expo-gradle-plugin:expo-max-sdk-override-plugin:checkKotlinGradlePluginConfigurationErrors (Thread[Execution worker Thread 11,5,main]) started.
:expo-gradle-plugin:expo-max-sdk-override-plugin:checkKotlinGradlePluginConfigurationErrors (Thread[Execution worker Thread 11,5,main]) started.

> Task :expo-gradle-plugin:expo-autolinking-plugin:checkKotlinGradlePluginConfigurationErrors SKIPPED
Skipping task ':expo-gradle-plugin:expo-autolinking-plugin:checkKotlinGradlePluginConfigurationErrors' as task onlyIf 'errorDiagnostics are present' is false.

> Task :expo-gradle-plugin:expo-max-sdk-override-plugin:checkKotlinGradlePluginConfigurationErrors SKIPPED
Skipping task ':expo-gradle-plugin:expo-max-sdk-override-plugin:checkKotlinGradlePluginConfigurationErrors' as task onlyIf 'errorDiagnostics are present' is false.

> Task :expo-dev-launcher-gradle-plugin:checkKotlinGradlePluginConfigurationErrors SKIPPED
Skipping task ':expo-dev-launcher-gradle-plugin:checkKotlinGradlePluginConfigurationErrors' as task onlyIf 'errorDiagnostics are present' is false.
Resolve mutations for :expo-dev-launcher-gradle-plugin:pluginDescriptors (Thread[Execution worker Thread 4,5,main]) started.
:expo-gradle-plugin:expo-autolinking-plugin:compileKotlin (Thread[Execution worker Thread 8,5,main]) started.
:expo-dev-launcher-gradle-plugin:pluginDescriptors (Thread[Execution worker Thread 5,5,main]) started.
Resolve mutations for :expo-gradle-plugin:expo-max-sdk-override-plugin:compileKotlin (Thread[Execution worker Thread 11,5,main]) started.

> Task :gradle-plugin:react-native-gradle-plugin:checkKotlinGradlePluginConfigurationErrors SKIPPED
Skipping task ':gradle-plugin:react-native-gradle-plugin:checkKotlinGradlePluginConfigurationErrors' as task onlyIf 'errorDiagnostics are present' is false.

> Task :expo-module-gradle-plugin:pluginDescriptors UP-TO-DATE
Caching disabled for task ':expo-module-gradle-plugin:pluginDescriptors' because:
  Build cache is disabled
  Not worth caching
Skipping task ':expo-module-gradle-plugin:pluginDescriptors' as it is up-to-date.
:expo-gradle-plugin:expo-max-sdk-override-plugin:compileKotlin (Thread[Execution worker Thread 11,5,main]) started.

> Task :expo-dev-launcher-gradle-plugin:pluginDescriptors UP-TO-DATE
Caching disabled for task ':expo-dev-launcher-gradle-plugin:pluginDescriptors' because:
  Build cache is disabled
  Not worth caching
Skipping task ':expo-dev-launcher-gradle-plugin:pluginDescriptors' as it is up-to-date.

> Task :expo-module-gradle-plugin:processResources UP-TO-DATE
Caching disabled for task ':expo-module-gradle-plugin:processResources' because:
  Build cache is disabled
  Not worth caching
Skipping task ':expo-module-gradle-plugin:processResources' as it is up-to-date.
Resolve mutations for :expo-dev-launcher-gradle-plugin:processResources (Thread[Execution worker Thread 5,5,main]) started.
:expo-dev-launcher-gradle-plugin:processResources (Thread[Execution worker Thread 5,5,main]) started.

> Task :expo-dev-launcher-gradle-plugin:processResources UP-TO-DATE
Caching disabled for task ':expo-dev-launcher-gradle-plugin:processResources' because:
  Build cache is disabled
  Not worth caching
Skipping task ':expo-dev-launcher-gradle-plugin:processResources' as it is up-to-date.

> Task :expo-gradle-plugin:expo-autolinking-plugin:compileKotlin UP-TO-DATE
Caching disabled for task ':expo-gradle-plugin:expo-autolinking-plugin:compileKotlin' because:
  Build cache is disabled
Skipping task ':expo-gradle-plugin:expo-autolinking-plugin:compileKotlin' as it is up-to-date.

> Task :expo-gradle-plugin:expo-max-sdk-override-plugin:compileKotlin UP-TO-DATE
Caching disabled for task ':expo-gradle-plugin:expo-max-sdk-override-plugin:compileKotlin' because:
  Build cache is disabled
Skipping task ':expo-gradle-plugin:expo-max-sdk-override-plugin:compileKotlin' as it is up-to-date.
Resolve mutations for :expo-gradle-plugin:expo-autolinking-plugin:compileJava (Thread[Execution worker Thread 5,5,main]) started.
:expo-gradle-plugin:expo-autolinking-plugin:compileJava (Thread[Execution worker Thread 5,5,main]) started.
Resolve mutations for :expo-gradle-plugin:expo-max-sdk-override-plugin:compileJava (Thread[Execution worker Thread 11,5,main]) started.
:expo-gradle-plugin:expo-max-sdk-override-plugin:compileJava (Thread[Execution worker Thread 7,5,main]) started.

> Task :expo-gradle-plugin:expo-autolinking-plugin:compileJava NO-SOURCE
Skipping task ':expo-gradle-plugin:expo-autolinking-plugin:compileJava' as it has no source files and no previous output files.

> Task :expo-gradle-plugin:expo-max-sdk-override-plugin:compileJava NO-SOURCE
Skipping task ':expo-gradle-plugin:expo-max-sdk-override-plugin:compileJava' as it has no source files and no previous output files.
Resolve mutations for :expo-gradle-plugin:expo-autolinking-plugin:pluginDescriptors (Thread[Execution worker Thread 5,5,main]) started.
Resolve mutations for :expo-gradle-plugin:expo-max-sdk-override-plugin:pluginDescriptors (Thread[Execution worker Thread 7,5,main]) started.
:expo-gradle-plugin:expo-autolinking-plugin:pluginDescriptors (Thread[Execution worker Thread 8,5,main]) started.
:expo-gradle-plugin:expo-max-sdk-override-plugin:pluginDescriptors (Thread[Execution worker Thread 7,5,main]) started.

> Task :expo-gradle-plugin:expo-autolinking-plugin:pluginDescriptors UP-TO-DATE
Caching disabled for task ':expo-gradle-plugin:expo-autolinking-plugin:pluginDescriptors' because:
  Build cache is disabled
  Not worth caching
Skipping task ':expo-gradle-plugin:expo-autolinking-plugin:pluginDescriptors' as it is up-to-date.
Resolve mutations for :expo-gradle-plugin:expo-autolinking-plugin:processResources (Thread[Execution worker Thread 8,5,main]) started.

> Task :expo-gradle-plugin:expo-max-sdk-override-plugin:pluginDescriptors UP-TO-DATE
Caching disabled for task ':expo-gradle-plugin:expo-max-sdk-override-plugin:pluginDescriptors' because:
  Build cache is disabled
  Not worth caching
Skipping task ':expo-gradle-plugin:expo-max-sdk-override-plugin:pluginDescriptors' as it is up-to-date.
Resolve mutations for :expo-gradle-plugin:expo-max-sdk-override-plugin:processResources (Thread[Execution worker Thread 7,5,main]) started.
:expo-gradle-plugin:expo-autolinking-plugin:processResources (Thread[Execution worker Thread 8,5,main]) started.
:expo-gradle-plugin:expo-max-sdk-override-plugin:processResources (Thread[Execution worker Thread 7,5,main]) started.

> Task :expo-gradle-plugin:expo-autolinking-plugin:processResources UP-TO-DATE
Caching disabled for task ':expo-gradle-plugin:expo-autolinking-plugin:processResources' because:
  Build cache is disabled
  Not worth caching
Skipping task ':expo-gradle-plugin:expo-autolinking-plugin:processResources' as it is up-to-date.
Resolve mutations for :expo-gradle-plugin:expo-autolinking-plugin:classes (Thread[Execution worker Thread 8,5,main]) started.
:expo-gradle-plugin:expo-autolinking-plugin:classes (Thread[Execution worker Thread 8,5,main]) started.

> Task :expo-gradle-plugin:expo-autolinking-plugin:classes UP-TO-DATE
Skipping task ':expo-gradle-plugin:expo-autolinking-plugin:classes' as it has no actions.
Resolve mutations for :expo-gradle-plugin:expo-autolinking-plugin:jar (Thread[Execution worker Thread 8,5,main]) started.
:expo-gradle-plugin:expo-autolinking-plugin:jar (Thread[Execution worker Thread 9,5,main]) started.

> Task :expo-gradle-plugin:expo-max-sdk-override-plugin:processResources UP-TO-DATE
Caching disabled for task ':expo-gradle-plugin:expo-max-sdk-override-plugin:processResources' because:
  Build cache is disabled
  Not worth caching
Skipping task ':expo-gradle-plugin:expo-max-sdk-override-plugin:processResources' as it is up-to-date.
Resolve mutations for :expo-gradle-plugin:expo-max-sdk-override-plugin:classes (Thread[Execution worker Thread 7,5,main]) started.
:expo-gradle-plugin:expo-max-sdk-override-plugin:classes (Thread[Execution worker Thread 7,5,main]) started.

> Task :expo-gradle-plugin:expo-max-sdk-override-plugin:classes UP-TO-DATE
Skipping task ':expo-gradle-plugin:expo-max-sdk-override-plugin:classes' as it has no actions.
Resolve mutations for :expo-gradle-plugin:expo-max-sdk-override-plugin:jar (Thread[Execution worker Thread 4,5,main]) started.
:expo-gradle-plugin:expo-max-sdk-override-plugin:jar (Thread[Execution worker Thread 4,5,main]) started.

> Task :gradle-plugin:react-native-gradle-plugin:compileKotlin UP-TO-DATE
Caching disabled for task ':gradle-plugin:react-native-gradle-plugin:compileKotlin' because:
  Build cache is disabled
Skipping task ':gradle-plugin:react-native-gradle-plugin:compileKotlin' as it is up-to-date.
other build task :gradle-plugin:react-native-gradle-plugin:compileKotlin (Thread[Execution worker Thread 11,5,main]) started.

> Task :expo-gradle-plugin:expo-autolinking-plugin:jar UP-TO-DATE
Caching disabled for task ':expo-gradle-plugin:expo-autolinking-plugin:jar' because:
  Build cache is disabled
  Not worth caching
Skipping task ':expo-gradle-plugin:expo-autolinking-plugin:jar' as it is up-to-date.
other build task :gradle-plugin:react-native-gradle-plugin:compileKotlin (Thread[Execution worker Thread 7,5,main]) started.

> Task :expo-gradle-plugin:expo-max-sdk-override-plugin:jar UP-TO-DATE
Caching disabled for task ':expo-gradle-plugin:expo-max-sdk-override-plugin:jar' because:
  Build cache is disabled
  Not worth caching
Skipping task ':expo-gradle-plugin:expo-max-sdk-override-plugin:jar' as it is up-to-date.

> Task :gradle-plugin:react-native-gradle-plugin:compileJava NO-SOURCE
Skipping task ':gradle-plugin:react-native-gradle-plugin:compileJava' as it has no source files and no previous output files.
other build task :gradle-plugin:react-native-gradle-plugin:compileJava (Thread[Execution worker Thread 8,5,main]) started.
other build task :gradle-plugin:react-native-gradle-plugin:compileJava (Thread[Execution worker Thread 9,5,main]) started.

> Task :gradle-plugin:react-native-gradle-plugin:pluginDescriptors UP-TO-DATE
Caching disabled for task ':gradle-plugin:react-native-gradle-plugin:pluginDescriptors' because:
  Build cache is disabled
  Not worth caching
Skipping task ':gradle-plugin:react-native-gradle-plugin:pluginDescriptors' as it is up-to-date.

> Task :gradle-plugin:react-native-gradle-plugin:processResources UP-TO-DATE
Caching disabled for task ':gradle-plugin:react-native-gradle-plugin:processResources' because:
  Build cache is disabled
  Not worth caching
Skipping task ':gradle-plugin:react-native-gradle-plugin:processResources' as it is up-to-date.
Resolve mutations for :gradle-plugin:react-native-gradle-plugin:classes (Thread[Execution worker Thread 11,5,main]) started.

> Task :gradle-plugin:react-native-gradle-plugin:classes UP-TO-DATE
Skipping task ':gradle-plugin:react-native-gradle-plugin:classes' as it has no actions.

> Task :gradle-plugin:react-native-gradle-plugin:jar UP-TO-DATE
Caching disabled for task ':gradle-plugin:react-native-gradle-plugin:jar' because:
  Build cache is disabled
  Not worth caching
Skipping task ':gradle-plugin:react-native-gradle-plugin:jar' as it is up-to-date.
work action resolve main (project :gradle-plugin:react-native-gradle-plugin) (Thread[Execution worker Thread 11,5,main]) started.
work action resolve main (project :gradle-plugin:react-native-gradle-plugin) (Thread[Execution worker Thread 11,5,main]) started.
Resolve mutations for :expo-module-gradle-plugin:compileKotlin (Thread[Execution worker Thread 3,5,main]) started.
work action resolve main (project :gradle-plugin:react-native-gradle-plugin) (Thread[Execution worker Thread 2,5,main]) started.
work action resolve main (project :gradle-plugin:react-native-gradle-plugin) (Thread[Execution worker Thread 2,5,main]) started.
Resolve mutations for :expo-dev-launcher-gradle-plugin:compileKotlin (Thread[Execution worker Thread 2,5,main]) started.
:expo-dev-launcher-gradle-plugin:compileKotlin (Thread[Execution worker Thread 2,5,main]) started.
:expo-module-gradle-plugin:compileKotlin (Thread[Execution worker Thread 5,5,main]) started.

> Task :expo-dev-launcher-gradle-plugin:compileKotlin UP-TO-DATE
Caching disabled for task ':expo-dev-launcher-gradle-plugin:compileKotlin' because:
  Build cache is disabled
Skipping task ':expo-dev-launcher-gradle-plugin:compileKotlin' as it is up-to-date.
Resolve mutations for :expo-dev-launcher-gradle-plugin:compileJava (Thread[Execution worker Thread 2,5,main]) started.
:expo-dev-launcher-gradle-plugin:compileJava (Thread[Execution worker,5,main]) started.

> Task :expo-dev-launcher-gradle-plugin:compileJava NO-SOURCE
Skipping task ':expo-dev-launcher-gradle-plugin:compileJava' as it has no source files and no previous output files.
Resolve mutations for :expo-dev-launcher-gradle-plugin:classes (Thread[Execution worker,5,main]) started.
:expo-dev-launcher-gradle-plugin:classes (Thread[Execution worker,5,main]) started.

> Task :expo-dev-launcher-gradle-plugin:classes UP-TO-DATE
Skipping task ':expo-dev-launcher-gradle-plugin:classes' as it has no actions.
Resolve mutations for :expo-dev-launcher-gradle-plugin:jar (Thread[Execution worker,5,main]) started.
:expo-dev-launcher-gradle-plugin:jar (Thread[Execution worker,5,main]) started.

> Task :expo-module-gradle-plugin:compileKotlin UP-TO-DATE
Caching disabled for task ':expo-module-gradle-plugin:compileKotlin' because:
  Build cache is disabled
Skipping task ':expo-module-gradle-plugin:compileKotlin' as it is up-to-date.
Resolve mutations for :expo-module-gradle-plugin:compileJava (Thread[Execution worker Thread 5,5,main]) started.
:expo-module-gradle-plugin:compileJava (Thread[Execution worker Thread 5,5,main]) started.

> Task :expo-dev-launcher-gradle-plugin:jar UP-TO-DATE
Caching disabled for task ':expo-dev-launcher-gradle-plugin:jar' because:
  Build cache is disabled
  Not worth caching
Skipping task ':expo-dev-launcher-gradle-plugin:jar' as it is up-to-date.

> Task :expo-module-gradle-plugin:compileJava NO-SOURCE
Skipping task ':expo-module-gradle-plugin:compileJava' as it has no source files and no previous output files.
Resolve mutations for :expo-module-gradle-plugin:classes (Thread[Execution worker Thread 5,5,main]) started.
:expo-module-gradle-plugin:classes (Thread[Execution worker Thread 5,5,main]) started.

> Task :expo-module-gradle-plugin:classes UP-TO-DATE
Skipping task ':expo-module-gradle-plugin:classes' as it has no actions.
Resolve mutations for :expo-module-gradle-plugin:jar (Thread[Execution worker Thread 5,5,main]) started.
:expo-module-gradle-plugin:jar (Thread[Execution worker Thread 5,5,main]) started.

> Task :expo-module-gradle-plugin:jar UP-TO-DATE
Caching disabled for task ':expo-module-gradle-plugin:jar' because:
  Build cache is disabled
  Not worth caching
Skipping task ':expo-module-gradle-plugin:jar' as it is up-to-date.

> Configure project :
Evaluating root project 'Hydra' using build file '/mnt/storage/dev/hydration-companion/android/build.gradle'.
Found project 'project :expo-gradle-plugin:expo-autolinking-plugin' as substitute for module 'expo.modules:expo-autolinking-plugin'.
Found project 'project :expo-gradle-plugin:expo-max-sdk-override-plugin' as substitute for module 'expo.modules:expo-max-sdk-override-plugin'.
Found project 'project :expo-dev-launcher-gradle-plugin' as substitute for module 'expo.modules:expo-dev-launcher-gradle-plugin'.
Found project 'project :expo-module-gradle-plugin' as substitute for module 'expo.modules:expo-module-gradle-plugin'.
Found project 'project :gradle-plugin:react-native-gradle-plugin' as substitute for module 'com.facebook.react:react-native-gradle-plugin'.
Found project 'project :expo-gradle-plugin:expo-autolinking-plugin-shared' as substitute for module 'expo.modules:expo-autolinking-plugin-shared'.
Found project 'project :gradle-plugin:react-native-gradle-plugin' as substitute for module 'com.facebook.react:react-native-gradle-plugin'.
Found project 'project :gradle-plugin:react-native-gradle-plugin' as substitute for module 'com.facebook.react:react-native-gradle-plugin'.
Found project 'project :expo-gradle-plugin:expo-autolinking-plugin-shared' as substitute for module 'expo.modules:expo-autolinking-plugin-shared'.
Ignoring listeners of task graph ready event, as this build (:expo-gradle-plugin) has already executed work.
Ignoring listeners of task graph ready event, as this build (:gradle-plugin) has already executed work.
Resolve mutations for :expo-module-gradle-plugin:checkKotlinGradlePluginConfigurationErrors (Thread[included builds Thread 3,5,main]) started.
:expo-module-gradle-plugin:checkKotlinGradlePluginConfigurationErrors (Thread[included builds Thread 3,5,main]) started.
Resolve mutations for :expo-gradle-plugin:expo-autolinking-plugin:checkKotlinGradlePluginConfigurationErrors (Thread[included builds Thread 2,5,main]) started.
Resolve mutations for :expo-module-gradle-plugin:pluginDescriptors (Thread[included builds Thread 3,5,main]) started.
:expo-gradle-plugin:expo-autolinking-plugin:checkKotlinGradlePluginConfigurationErrors (Thread[included builds Thread 2,5,main]) started.
Resolve mutations for :gradle-plugin:react-native-gradle-plugin:checkKotlinGradlePluginConfigurationErrors (Thread[included builds Thread 4,5,main]) started.
:gradle-plugin:react-native-gradle-plugin:checkKotlinGradlePluginConfigurationErrors (Thread[included builds Thread 4,5,main]) started.
Resolve mutations for :expo-gradle-plugin:expo-autolinking-plugin:compileKotlin (Thread[included builds Thread 2,5,main]) started.
:expo-module-gradle-plugin:pluginDescriptors (Thread[included builds Thread 3,5,main]) started.
Resolve mutations for :gradle-plugin:react-native-gradle-plugin:compileKotlin (Thread[included builds Thread 4,5,main]) started.
Resolve mutations for :expo-module-gradle-plugin:processResources (Thread[included builds Thread 3,5,main]) started.
:gradle-plugin:react-native-gradle-plugin:compileKotlin (Thread[included builds Thread 4,5,main]) started.
:expo-module-gradle-plugin:processResources (Thread[included builds Thread 3,5,main]) started.
Resolve mutations for :gradle-plugin:react-native-gradle-plugin:compileJava (Thread[included builds Thread 4,5,main]) started.
:gradle-plugin:react-native-gradle-plugin:compileJava (Thread[included builds Thread 4,5,main]) started.
Resolve mutations for :gradle-plugin:react-native-gradle-plugin:pluginDescriptors (Thread[included builds Thread 4,5,main]) started.
:gradle-plugin:react-native-gradle-plugin:pluginDescriptors (Thread[included builds Thread 4,5,main]) started.
Resolve mutations for :gradle-plugin:react-native-gradle-plugin:processResources (Thread[included builds Thread 4,5,main]) started.
:gradle-plugin:react-native-gradle-plugin:processResources (Thread[included builds Thread 4,5,main]) started.
:gradle-plugin:react-native-gradle-plugin:classes (Thread[included builds Thread 4,5,main]) started.
Resolve mutations for :gradle-plugin:react-native-gradle-plugin:jar (Thread[included builds Thread 4,5,main]) started.
:gradle-plugin:react-native-gradle-plugin:jar (Thread[included builds Thread 4,5,main]) started.
[32m[ExpoRootProject][0m Using the following versions:
  - buildTools:  [32m36.0.0[0m
  - minSdk:      [32m24[0m
  - compileSdk:  [32m36[0m
  - targetSdk:   [32m36[0m
  - ndk:         [32m27.1.12297006[0m
  - kotlin:      [32m2.1.20[0m
  - ksp:         [32m2.1.20-2.0.1[0m

> Configure project :app
Evaluating project ':app' using build file '/mnt/storage/dev/hydration-companion/android/app/build.gradle'.
Using default execution profile
 ℹ️  [33mApplying gradle plugin[0m '[32mexpo-max-sdk-override-plugin[0m'
  [expo-max-sdk-override-plugin] This plugin will find all permissions declared with `android:maxSdkVersion`. If there exists a declaration with the `android:maxSdkVersion` annotation and another one without, the plugin will remove the annotation from the final merged manifest. In order to see a log with the changes run a clean build of the app.
Build 7d9a48af-12fd-4fa8-a609-c40b89578487 is started
Using Kotlin Gradle Plugin gradle85 variant
 ℹ️  [33mApplying gradle plugin[0m '[32mexpo-dev-launcher-gradle-plugin[0m'
C/C++: android.ndkVersion from module build.gradle is [27.1.12297006]
C/C++: android.ndkPath from module build.gradle is not set
C/C++: ndk.dir in local.properties is not set
C/C++: Not considering ANDROID_NDK_HOME because support was removed after deprecation period.
C/C++: sdkFolder is /mnt/storage/android-sdk
C/C++: android.ndkVersion from module build.gradle is [27.1.12297006]
C/C++: android.ndkPath from module build.gradle is not set
C/C++: ndk.dir in local.properties is not set
C/C++: Not considering ANDROID_NDK_HOME because support was removed after deprecation period.
C/C++: sdkFolder is /mnt/storage/android-sdk
C/C++: android.ndkVersion from module build.gradle is [27.1.12297006]
C/C++: android.ndkPath from module build.gradle is not set
C/C++: ndk.dir in local.properties is not set
C/C++: Not considering ANDROID_NDK_HOME because support was removed after deprecation period.
C/C++: sdkFolder is /mnt/storage/android-sdk
C/C++: android.ndkVersion from module build.gradle is [27.1.12297006]
C/C++: android.ndkPath from module build.gradle is not set
C/C++: ndk.dir in local.properties is not set
C/C++: Not considering ANDROID_NDK_HOME because support was removed after deprecation period.
C/C++: sdkFolder is /mnt/storage/android-sdk
C/C++: android.ndkVersion from module build.gradle is [27.1.12297006]
C/C++: android.ndkPath from module build.gradle is not set
C/C++: ndk.dir in local.properties is not set
C/C++: Not considering ANDROID_NDK_HOME because support was removed after deprecation period.
C/C++: sdkFolder is /mnt/storage/android-sdk
C/C++: android.ndkVersion from module build.gradle is [27.1.12297006]
C/C++: android.ndkPath from module build.gradle is not set
C/C++: ndk.dir in local.properties is not set
C/C++: Not considering ANDROID_NDK_HOME because support was removed after deprecation period.
C/C++: sdkFolder is /mnt/storage/android-sdk
C/C++: android.ndkVersion from module build.gradle is [27.1.12297006]
C/C++: android.ndkPath from module build.gradle is not set
C/C++: ndk.dir in local.properties is not set
C/C++: Not considering ANDROID_NDK_HOME because support was removed after deprecation period.
C/C++: sdkFolder is /mnt/storage/android-sdk
C/C++: android.ndkVersion from module build.gradle is [27.1.12297006]
C/C++: android.ndkPath from module build.gradle is not set
C/C++: ndk.dir in local.properties is not set
C/C++: Not considering ANDROID_NDK_HOME because support was removed after deprecation period.
C/C++: sdkFolder is /mnt/storage/android-sdk
C/C++: android.ndkVersion from module build.gradle is [27.1.12297006]
C/C++: android.ndkPath from module build.gradle is not set
C/C++: ndk.dir in local.properties is not set
C/C++: Not considering ANDROID_NDK_HOME because support was removed after deprecation period.
C/C++: sdkFolder is /mnt/storage/android-sdk
C/C++: android.ndkVersion from module build.gradle is [27.1.12297006]
C/C++: android.ndkPath from module build.gradle is not set
C/C++: ndk.dir in local.properties is not set
C/C++: Not considering ANDROID_NDK_HOME because support was removed after deprecation period.
C/C++: sdkFolder is /mnt/storage/android-sdk
C/C++: android.ndkVersion from module build.gradle is [27.1.12297006]
C/C++: android.ndkPath from module build.gradle is not set
C/C++: ndk.dir in local.properties is not set
C/C++: Not considering ANDROID_NDK_HOME because support was removed after deprecation period.
C/C++: sdkFolder is /mnt/storage/android-sdk
C/C++: android.ndkVersion from module build.gradle is [27.1.12297006]
C/C++: android.ndkPath from module build.gradle is not set
C/C++: ndk.dir in local.properties is not set
C/C++: Not considering ANDROID_NDK_HOME because support was removed after deprecation period.
C/C++: sdkFolder is /mnt/storage/android-sdk
C/C++: android.ndkVersion from module build.gradle is [27.1.12297006]
C/C++: android.ndkPath from module build.gradle is not set
C/C++: ndk.dir in local.properties is not set
C/C++: Not considering ANDROID_NDK_HOME because support was removed after deprecation period.
C/C++: sdkFolder is /mnt/storage/android-sdk
C/C++: android.ndkVersion from module build.gradle is [27.1.12297006]
C/C++: android.ndkPath from module build.gradle is not set
C/C++: ndk.dir in local.properties is not set
C/C++: Not considering ANDROID_NDK_HOME because support was removed after deprecation period.
C/C++: sdkFolder is /mnt/storage/android-sdk
C/C++: android.ndkVersion from module build.gradle is [27.1.12297006]
C/C++: android.ndkPath from module build.gradle is not set
C/C++: ndk.dir in local.properties is not set
C/C++: Not considering ANDROID_NDK_HOME because support was removed after deprecation period.
C/C++: sdkFolder is /mnt/storage/android-sdk
C/C++: android.ndkVersion from module build.gradle is [27.1.12297006]
C/C++: android.ndkPath from module build.gradle is not set
C/C++: ndk.dir in local.properties is not set
C/C++: Not considering ANDROID_NDK_HOME because support was removed after deprecation period.
C/C++: sdkFolder is /mnt/storage/android-sdk
C/C++: android.ndkVersion from module build.gradle is [27.1.12297006]
C/C++: android.ndkPath from module build.gradle is not set
C/C++: ndk.dir in local.properties is not set
C/C++: Not considering ANDROID_NDK_HOME because support was removed after deprecation period.
C/C++: sdkFolder is /mnt/storage/android-sdk
C/C++: android.ndkVersion from module build.gradle is [27.1.12297006]
C/C++: android.ndkPath from module build.gradle is not set
C/C++: ndk.dir in local.properties is not set
C/C++: Not considering ANDROID_NDK_HOME because support was removed after deprecation period.
C/C++: sdkFolder is /mnt/storage/android-sdk
C/C++: android.ndkVersion from module build.gradle is [27.1.12297006]
C/C++: android.ndkPath from module build.gradle is not set
C/C++: ndk.dir in local.properties is not set
C/C++: Not considering ANDROID_NDK_HOME because support was removed after deprecation period.
C/C++: sdkFolder is /mnt/storage/android-sdk

> Configure project :expo-log-box
Evaluating project ':expo-log-box' using build file '/mnt/storage/dev/hydration-companion/node_modules/@expo/log-box/android/build.gradle'.
Resolved plugin [id: 'com.android.library']
Resolved plugin [id: 'expo-module-gradle-plugin']
Using default execution profile
Using Kotlin Gradle Plugin gradle85 variant

> Configure project :expo-constants
Evaluating project ':expo-constants' using build file '/mnt/storage/dev/hydration-companion/node_modules/expo-constants/android/build.gradle'.
Resolved plugin [id: 'com.android.library']
Resolved plugin [id: 'expo-module-gradle-plugin']
Using default execution profile
Using Kotlin Gradle Plugin gradle85 variant
Starting process 'command 'node''. Working directory: /mnt/storage/dev/hydration-companion/node_modules/expo-constants/android Command: node -e console.log(require('path').dirname(require.resolve('expo-constants/package.json')));
Successfully started process 'command 'node''

> Configure project :expo-dev-client
Evaluating project ':expo-dev-client' using build file '/mnt/storage/dev/hydration-companion/node_modules/expo-dev-client/android/build.gradle'.
Resolved plugin [id: 'com.android.library']
Resolved plugin [id: 'expo-module-gradle-plugin']
Using default execution profile
Using Kotlin Gradle Plugin gradle85 variant

> Configure project :expo-dev-launcher
Evaluating project ':expo-dev-launcher' using build file '/mnt/storage/dev/hydration-companion/node_modules/expo-dev-launcher/android/build.gradle'.
Using default execution profile
Using Kotlin Gradle Plugin gradle85 variant
Detected Android Gradle Plugin compose compiler configuration
Detected Android Gradle Plugin compose compiler configuration
Detected Android Gradle Plugin compose compiler configuration
Detected Android Gradle Plugin compose compiler configuration
Detected Android Gradle Plugin compose compiler configuration
Detected Android Gradle Plugin compose compiler configuration
Detected Android Gradle Plugin compose compiler configuration

> Configure project :expo
Evaluating project ':expo' using build file '/mnt/storage/dev/hydration-companion/node_modules/expo/android/build.gradle'.
Using default execution profile
Using Kotlin Gradle Plugin gradle85 variant

Using expo modules
  - [32mexpo-log-box[0m (55.0.7)
  - [32mexpo-constants[0m (55.0.7)
  - [32mexpo-dev-client[0m (55.0.16)
  - [32mexpo-dev-launcher[0m (55.0.17)

> Configure project :expo-dev-menu
Evaluating project ':expo-dev-menu' using build file '/mnt/storage/dev/hydration-companion/node_modules/expo-dev-menu/android/build.gradle'.
Using default execution profile
Using Kotlin Gradle Plugin gradle85 variant
Detected Android Gradle Plugin compose compiler configuration
Detected Android Gradle Plugin compose compiler configuration
Detected Android Gradle Plugin compose compiler configuration
Detected Android Gradle Plugin compose compiler configuration
Detected Android Gradle Plugin compose compiler configuration
Detected Android Gradle Plugin compose compiler configuration
Detected Android Gradle Plugin compose compiler configuration

> Configure project :expo-dev-menu-interface
Evaluating project ':expo-dev-menu-interface' using build file '/mnt/storage/dev/hydration-companion/node_modules/expo-dev-menu-interface/android/build.gradle'.
Resolved plugin [id: 'com.android.library']
Resolved plugin [id: 'expo-module-gradle-plugin']
Using default execution profile
Using Kotlin Gradle Plugin gradle85 variant

> Configure project :expo-json-utils
Evaluating project ':expo-json-utils' using build file '/mnt/storage/dev/hydration-companion/node_modules/expo-json-utils/android/build.gradle'.
Resolved plugin [id: 'com.android.library']
Resolved plugin [id: 'expo-module-gradle-plugin']
Using default execution profile
Using Kotlin Gradle Plugin gradle85 variant

> Configure project :expo-manifests
Evaluating project ':expo-manifests' using build file '/mnt/storage/dev/hydration-companion/node_modules/expo-manifests/android/build.gradle'.
Resolved plugin [id: 'com.android.library']
Resolved plugin [id: 'expo-module-gradle-plugin']
Using default execution profile
Using Kotlin Gradle Plugin gradle85 variant

> Configure project :react-native-worklets
Evaluating project ':react-native-worklets' using build file '/mnt/storage/dev/hydration-companion/node_modules/react-native-worklets/android/build.gradle'.
Starting process 'command 'node''. Working directory: /mnt/storage/dev/hydration-companion/android Command: node --print require.resolve('react-native/package.json')
Successfully started process 'command 'node''
Starting process 'command 'node''. Working directory: /mnt/storage/dev/hydration-companion/android Command: node --print require.resolve('react-native/package.json')
Successfully started process 'command 'node''
Starting process 'command 'node''. Working directory: /mnt/storage/dev/hydration-companion/android Command: node --print require.resolve('react-native/package.json')
Successfully started process 'command 'node''
Using default execution profile
C/C++: android.ndkVersion from module build.gradle is [27.1.12297006]
C/C++: android.ndkPath from module build.gradle is not set
C/C++: ndk.dir in local.properties is not set
C/C++: Not considering ANDROID_NDK_HOME because support was removed after deprecation period.
C/C++: sdkFolder is /mnt/storage/android-sdk
C/C++: android.ndkVersion from module build.gradle is [27.1.12297006]
C/C++: android.ndkPath from module build.gradle is not set
C/C++: ndk.dir in local.properties is not set
C/C++: Not considering ANDROID_NDK_HOME because support was removed after deprecation period.
C/C++: sdkFolder is /mnt/storage/android-sdk
C/C++: android.ndkVersion from module build.gradle is [27.1.12297006]
C/C++: android.ndkPath from module build.gradle is not set
C/C++: ndk.dir in local.properties is not set
C/C++: Not considering ANDROID_NDK_HOME because support was removed after deprecation period.
C/C++: sdkFolder is /mnt/storage/android-sdk
C/C++: android.ndkVersion from module build.gradle is [27.1.12297006]
C/C++: android.ndkPath from module build.gradle is not set
C/C++: ndk.dir in local.properties is not set
C/C++: Not considering ANDROID_NDK_HOME because support was removed after deprecation period.
C/C++: sdkFolder is /mnt/storage/android-sdk
C/C++: android.ndkVersion from module build.gradle is [27.1.12297006]
C/C++: android.ndkPath from module build.gradle is not set
C/C++: ndk.dir in local.properties is not set
C/C++: Not considering ANDROID_NDK_HOME because support was removed after deprecation period.
C/C++: sdkFolder is /mnt/storage/android-sdk
C/C++: android.ndkVersion from module build.gradle is [27.1.12297006]
C/C++: android.ndkPath from module build.gradle is not set
C/C++: ndk.dir in local.properties is not set
C/C++: Not considering ANDROID_NDK_HOME because support was removed after deprecation period.
C/C++: sdkFolder is /mnt/storage/android-sdk
C/C++: android.ndkVersion from module build.gradle is [27.1.12297006]
C/C++: android.ndkPath from module build.gradle is not set
C/C++: ndk.dir in local.properties is not set
C/C++: Not considering ANDROID_NDK_HOME because support was removed after deprecation period.
C/C++: sdkFolder is /mnt/storage/android-sdk
C/C++: android.ndkVersion from module build.gradle is [27.1.12297006]
C/C++: android.ndkPath from module build.gradle is not set
C/C++: ndk.dir in local.properties is not set
C/C++: Not considering ANDROID_NDK_HOME because support was removed after deprecation period.
C/C++: sdkFolder is /mnt/storage/android-sdk
C/C++: android.ndkVersion from module build.gradle is [27.1.12297006]
C/C++: android.ndkPath from module build.gradle is not set
C/C++: ndk.dir in local.properties is not set
C/C++: Not considering ANDROID_NDK_HOME because support was removed after deprecation period.
C/C++: sdkFolder is /mnt/storage/android-sdk
C/C++: android.ndkVersion from module build.gradle is [27.1.12297006]
C/C++: android.ndkPath from module build.gradle is not set
C/C++: ndk.dir in local.properties is not set
C/C++: Not considering ANDROID_NDK_HOME because support was removed after deprecation period.
C/C++: sdkFolder is /mnt/storage/android-sdk
C/C++: android.ndkVersion from module build.gradle is [27.1.12297006]
C/C++: android.ndkPath from module build.gradle is not set
C/C++: ndk.dir in local.properties is not set
C/C++: Not considering ANDROID_NDK_HOME because support was removed after deprecation period.
C/C++: sdkFolder is /mnt/storage/android-sdk
C/C++: android.ndkVersion from module build.gradle is [27.1.12297006]
C/C++: android.ndkPath from module build.gradle is not set
C/C++: ndk.dir in local.properties is not set
C/C++: Not considering ANDROID_NDK_HOME because support was removed after deprecation period.
C/C++: sdkFolder is /mnt/storage/android-sdk
C/C++: android.ndkVersion from module build.gradle is [27.1.12297006]
C/C++: android.ndkPath from module build.gradle is not set
C/C++: ndk.dir in local.properties is not set
C/C++: Not considering ANDROID_NDK_HOME because support was removed after deprecation period.
C/C++: sdkFolder is /mnt/storage/android-sdk

> Configure project :expo
  - [32mexpo-dev-menu[0m (55.0.14)
  - [32mexpo-dev-menu-interface[0m (55.0.1)
  - [32mexpo-json-utils[0m (55.0.0)
  - [32mexpo-manifests[0m (55.0.9)

> Configure project :expo-modules-core
Evaluating project ':expo-modules-core' using build file '/mnt/storage/dev/hydration-companion/node_modules/expo-modules-core/android/build.gradle'.
Using default execution profile
Using Kotlin Gradle Plugin gradle85 variant
Starting process 'command 'node''. Working directory: /mnt/storage/dev/hydration-companion/android Command: node --print require.resolve('react-native/package.json')
Successfully started process 'command 'node''
C/C++: android.ndkVersion from module build.gradle is [27.1.12297006]
C/C++: android.ndkPath from module build.gradle is not set
C/C++: ndk.dir in local.properties is not set
C/C++: Not considering ANDROID_NDK_HOME because support was removed after deprecation period.
C/C++: sdkFolder is /mnt/storage/android-sdk
C/C++: android.ndkVersion from module build.gradle is [27.1.12297006]
C/C++: android.ndkPath from module build.gradle is not set
C/C++: ndk.dir in local.properties is not set
C/C++: Not considering ANDROID_NDK_HOME because support was removed after deprecation period.
C/C++: sdkFolder is /mnt/storage/android-sdk
C/C++: android.ndkVersion from module build.gradle is [27.1.12297006]
C/C++: android.ndkPath from module build.gradle is not set
C/C++: ndk.dir in local.properties is not set
C/C++: Not considering ANDROID_NDK_HOME because support was removed after deprecation period.
C/C++: sdkFolder is /mnt/storage/android-sdk
C/C++: android.ndkVersion from module build.gradle is [27.1.12297006]
C/C++: android.ndkPath from module build.gradle is not set
C/C++: ndk.dir in local.properties is not set
C/C++: Not considering ANDROID_NDK_HOME because support was removed after deprecation period.
C/C++: sdkFolder is /mnt/storage/android-sdk
C/C++: android.ndkVersion from module build.gradle is [27.1.12297006]
C/C++: android.ndkPath from module build.gradle is not set
C/C++: ndk.dir in local.properties is not set
C/C++: Not considering ANDROID_NDK_HOME because support was removed after deprecation period.
C/C++: sdkFolder is /mnt/storage/android-sdk
C/C++: android.ndkVersion from module build.gradle is [27.1.12297006]
C/C++: android.ndkPath from module build.gradle is not set
C/C++: ndk.dir in local.properties is not set
C/C++: Not considering ANDROID_NDK_HOME because support was removed after deprecation period.
C/C++: sdkFolder is /mnt/storage/android-sdk
C/C++: android.ndkVersion from module build.gradle is [27.1.12297006]
C/C++: android.ndkPath from module build.gradle is not set
C/C++: ndk.dir in local.properties is not set
C/C++: Not considering ANDROID_NDK_HOME because support was removed after deprecation period.
C/C++: sdkFolder is /mnt/storage/android-sdk
C/C++: android.ndkVersion from module build.gradle is [27.1.12297006]
C/C++: android.ndkPath from module build.gradle is not set
C/C++: ndk.dir in local.properties is not set
C/C++: Not considering ANDROID_NDK_HOME because support was removed after deprecation period.
C/C++: sdkFolder is /mnt/storage/android-sdk
C/C++: android.ndkVersion from module build.gradle is [27.1.12297006]
C/C++: android.ndkPath from module build.gradle is not set
C/C++: ndk.dir in local.properties is not set
C/C++: Not considering ANDROID_NDK_HOME because support was removed after deprecation period.
C/C++: sdkFolder is /mnt/storage/android-sdk
C/C++: android.ndkVersion from module build.gradle is [27.1.12297006]
C/C++: android.ndkPath from module build.gradle is not set
C/C++: ndk.dir in local.properties is not set
C/C++: Not considering ANDROID_NDK_HOME because support was removed after deprecation period.
C/C++: sdkFolder is /mnt/storage/android-sdk
C/C++: android.ndkVersion from module build.gradle is [27.1.12297006]
C/C++: android.ndkPath from module build.gradle is not set
C/C++: ndk.dir in local.properties is not set
C/C++: Not considering ANDROID_NDK_HOME because support was removed after deprecation period.
C/C++: sdkFolder is /mnt/storage/android-sdk
C/C++: android.ndkVersion from module build.gradle is [27.1.12297006]
C/C++: android.ndkPath from module build.gradle is not set
C/C++: ndk.dir in local.properties is not set
C/C++: Not considering ANDROID_NDK_HOME because support was removed after deprecation period.
C/C++: sdkFolder is /mnt/storage/android-sdk
C/C++: android.ndkVersion from module build.gradle is [27.1.12297006]
C/C++: android.ndkPath from module build.gradle is not set
C/C++: ndk.dir in local.properties is not set
C/C++: Not considering ANDROID_NDK_HOME because support was removed after deprecation period.
C/C++: sdkFolder is /mnt/storage/android-sdk
Linking react-native-worklets native libs into expo-modules-core build tasks
task ':react-native-worklets:mergeDebugNativeLibs'
task ':react-native-worklets:mergeReleaseNativeLibs'

> Configure project :expo-updates-interface
Evaluating project ':expo-updates-interface' using build file '/mnt/storage/dev/hydration-companion/node_modules/expo-updates-interface/android/build.gradle'.
Resolved plugin [id: 'com.android.library']
Resolved plugin [id: 'expo-module-gradle-plugin']
Using default execution profile
Using Kotlin Gradle Plugin gradle85 variant

> Configure project :expo
  - [32mexpo-modules-core[0m (55.0.15)
  - [32mexpo-updates-interface[0m (55.1.3)
  - [33m[📦][0m [32mexpo-dom-webview[0m (55.0.3)
  - [33m[📦][0m [32mexpo-application[0m (55.0.9)
  - [33m[📦][0m [32mexpo-asset[0m (55.0.8)
  - [33m[📦][0m [32mexpo-device[0m (55.0.9)
  - [33m[📦][0m [32mexpo-file-system[0m (55.0.10)
  - [33m[📦][0m [32mexpo-font[0m (55.0.4)
  - [33m[📦][0m [32mexpo-haptics[0m (55.0.8)
  - [33m[📦][0m [32mexpo-image[0m (55.0.6)
  - [33m[📦][0m [32mexpo-keep-awake[0m (55.0.4)
  - [33m[📦][0m [32mexpo-linking[0m (55.0.7)
  - [33m[📦][0m [32mexpo-notifications[0m (55.0.12)
  - [33m[📦][0m [32mexpo-router[0m (55.0.5)
  - [33m[📦][0m [32mexpo-splash-screen[0m (55.0.10)
  - [33m[📦][0m [32mexpo-system-ui[0m (55.0.9)
  - [33m[📦][0m [32mexpo-web-browser[0m (55.0.9)


> Configure project :react-native-async-storage_async-storage
Evaluating project ':react-native-async-storage_async-storage' using build file '/mnt/storage/dev/hydration-companion/node_modules/@react-native-async-storage/async-storage/android/build.gradle'.
Using default execution profile
[AsyncStorage] Config used: {kotlinVersion=2.1.20, kspVersion=1.9.24-1.0.20, roomVersion=2.6.1, minSdkVersion=24, targetSdkVersion=36, compileSdkVersion=36, useNextStorage=false, databaseSizeMB=6, isNewArchitectureEnabled=true, useDedicatedExecutor=false}

> Configure project :react-native-community_datetimepicker
Evaluating project ':react-native-community_datetimepicker' using build file '/mnt/storage/dev/hydration-companion/node_modules/@react-native-community/datetimepicker/android/build.gradle'.
Using default execution profile
Using Kotlin Gradle Plugin gradle85 variant

> Configure project :react-native-community_slider
Evaluating project ':react-native-community_slider' using build file '/mnt/storage/dev/hydration-companion/node_modules/@react-native-community/slider/android/build.gradle'.
Found project 'project :gradle-plugin:react-native-gradle-plugin' as substitute for module 'com.facebook.react:react-native-gradle-plugin'.
Using default execution profile

> Configure project :react-native-gesture-handler
Evaluating project ':react-native-gesture-handler' using build file '/mnt/storage/dev/hydration-companion/node_modules/react-native-gesture-handler/android/build.gradle'.
Using default execution profile
Using Kotlin Gradle Plugin gradle85 variant
Starting process 'command 'node''. Working directory: /mnt/storage/dev/hydration-companion/android Command: node --print require.resolve('react-native/package.json')
Successfully started process 'command 'node''
C/C++: android.ndkVersion from module build.gradle is [27.1.12297006]
C/C++: android.ndkPath from module build.gradle is not set
C/C++: ndk.dir in local.properties is not set
C/C++: Not considering ANDROID_NDK_HOME because support was removed after deprecation period.
C/C++: sdkFolder is /mnt/storage/android-sdk
C/C++: android.ndkVersion from module build.gradle is [27.1.12297006]
C/C++: android.ndkPath from module build.gradle is not set
C/C++: ndk.dir in local.properties is not set
C/C++: Not considering ANDROID_NDK_HOME because support was removed after deprecation period.
C/C++: sdkFolder is /mnt/storage/android-sdk
C/C++: android.ndkVersion from module build.gradle is [27.1.12297006]
C/C++: android.ndkPath from module build.gradle is not set
C/C++: ndk.dir in local.properties is not set
C/C++: Not considering ANDROID_NDK_HOME because support was removed after deprecation period.
C/C++: sdkFolder is /mnt/storage/android-sdk
C/C++: android.ndkVersion from module build.gradle is [27.1.12297006]
C/C++: android.ndkPath from module build.gradle is not set
C/C++: ndk.dir in local.properties is not set
C/C++: Not considering ANDROID_NDK_HOME because support was removed after deprecation period.
C/C++: sdkFolder is /mnt/storage/android-sdk
C/C++: android.ndkVersion from module build.gradle is [27.1.12297006]
C/C++: android.ndkPath from module build.gradle is not set
C/C++: ndk.dir in local.properties is not set
C/C++: Not considering ANDROID_NDK_HOME because support was removed after deprecation period.
C/C++: sdkFolder is /mnt/storage/android-sdk
C/C++: android.ndkVersion from module build.gradle is [27.1.12297006]
C/C++: android.ndkPath from module build.gradle is not set
C/C++: ndk.dir in local.properties is not set
C/C++: Not considering ANDROID_NDK_HOME because support was removed after deprecation period.
C/C++: sdkFolder is /mnt/storage/android-sdk
C/C++: android.ndkVersion from module build.gradle is [27.1.12297006]
C/C++: android.ndkPath from module build.gradle is not set
C/C++: ndk.dir in local.properties is not set
C/C++: Not considering ANDROID_NDK_HOME because support was removed after deprecation period.
C/C++: sdkFolder is /mnt/storage/android-sdk
C/C++: android.ndkVersion from module build.gradle is [27.1.12297006]
C/C++: android.ndkPath from module build.gradle is not set
C/C++: ndk.dir in local.properties is not set
C/C++: Not considering ANDROID_NDK_HOME because support was removed after deprecation period.
C/C++: sdkFolder is /mnt/storage/android-sdk
C/C++: android.ndkVersion from module build.gradle is [27.1.12297006]
C/C++: android.ndkPath from module build.gradle is not set
C/C++: ndk.dir in local.properties is not set
C/C++: Not considering ANDROID_NDK_HOME because support was removed after deprecation period.
C/C++: sdkFolder is /mnt/storage/android-sdk
C/C++: android.ndkVersion from module build.gradle is [27.1.12297006]
C/C++: android.ndkPath from module build.gradle is not set
C/C++: ndk.dir in local.properties is not set
C/C++: Not considering ANDROID_NDK_HOME because support was removed after deprecation period.
C/C++: sdkFolder is /mnt/storage/android-sdk
C/C++: android.ndkVersion from module build.gradle is [27.1.12297006]
C/C++: android.ndkPath from module build.gradle is not set
C/C++: ndk.dir in local.properties is not set
C/C++: Not considering ANDROID_NDK_HOME because support was removed after deprecation period.
C/C++: sdkFolder is /mnt/storage/android-sdk
C/C++: android.ndkVersion from module build.gradle is [27.1.12297006]
C/C++: android.ndkPath from module build.gradle is not set
C/C++: ndk.dir in local.properties is not set
C/C++: Not considering ANDROID_NDK_HOME because support was removed after deprecation period.
C/C++: sdkFolder is /mnt/storage/android-sdk
C/C++: android.ndkVersion from module build.gradle is [27.1.12297006]
C/C++: android.ndkPath from module build.gradle is not set
C/C++: ndk.dir in local.properties is not set
C/C++: Not considering ANDROID_NDK_HOME because support was removed after deprecation period.
C/C++: sdkFolder is /mnt/storage/android-sdk
DONE!
